*** Starting uWSGI 2.0.18-debian (64bit) on [Tue Mar 22 18:54:51 2022] ***
compiled with version: 10.0.1 20200405 (experimental) [master revision 0be9efad938:fcb98e4978a:705510a708d3642c9c962beb663c476167e4e8a4] on 11 April 2020 11:15:55
os: Linux-5.13.0-1018-oracle #22~20.04.1-Ubuntu SMP Wed Feb 16 09:28:40 UTC 2022
nodename: resume-server
machine: x86_64
clock source: unix
pcre jit disabled
detected number of CPU cores: 2
current working directory: /root/resume/myresume
detected binary path: /usr/bin/uwsgi-core
uWSGI running as root, you can use --uid/--gid/--chroot options
*** WARNING: you are running uWSGI as root !!! (use the --uid flag) *** 
chdir() to /root/resume
your processes number limit is 3606
your memory page size is 4096 bytes
detected max file descriptor number: 1024
lock engine: pthread robust mutexes
thunder lock: disabled (you can enable it with --thunder-lock)
uwsgi socket 0 bound to UNIX address sample-app.sock fd 3
uWSGI running as root, you can use --uid/--gid/--chroot options
*** WARNING: you are running uWSGI as root !!! (use the --uid flag) *** 
uWSGI running as root, you can use --uid/--gid/--chroot options
*** WARNING: you are running uWSGI as root !!! (use the --uid flag) *** 
your server socket listen backlog is limited to 100 connections
your mercy for graceful operations on workers is 60 seconds
mapped 437520 bytes (427 KB) for 5 cores
*** Operational MODE: preforking ***
*** no app loaded. going in full dynamic mode ***
uWSGI running as root, you can use --uid/--gid/--chroot options
*** WARNING: you are running uWSGI as root !!! (use the --uid flag) *** 
*** uWSGI is running in multiple interpreter mode ***
!!!!!!!!!!!!!! WARNING !!!!!!!!!!!!!!
no request plugin is loaded, you will not be able to manage requests.
you may need to install the package for your language of choice, or simply load it with --plugin.
!!!!!!!!!!! END OF WARNING !!!!!!!!!!
spawned uWSGI master process (pid: 16302)
spawned uWSGI worker 1 (pid: 16303, cores: 1)
spawned uWSGI worker 2 (pid: 16304, cores: 1)
spawned uWSGI worker 3 (pid: 16305, cores: 1)
spawned uWSGI worker 4 (pid: 16306, cores: 1)
spawned uWSGI worker 5 (pid: 16307, cores: 1)
*** Starting uWSGI 2.0.18-debian (64bit) on [Tue Mar 22 18:55:09 2022] ***
compiled with version: 10.0.1 20200405 (experimental) [master revision 0be9efad938:fcb98e4978a:705510a708d3642c9c962beb663c476167e4e8a4] on 11 April 2020 11:15:55
os: Linux-5.13.0-1018-oracle #22~20.04.1-Ubuntu SMP Wed Feb 16 09:28:40 UTC 2022
nodename: resume-server
machine: x86_64
clock source: unix
pcre jit disabled
detected number of CPU cores: 2
current working directory: /root/resume/myresume
detected binary path: /usr/bin/uwsgi-core
uWSGI running as root, you can use --uid/--gid/--chroot options
*** WARNING: you are running uWSGI as root !!! (use the --uid flag) *** 
chdir() to /root/resume
your processes number limit is 3606
your memory page size is 4096 bytes
detected max file descriptor number: 1024
lock engine: pthread robust mutexes
thunder lock: disabled (you can enable it with --thunder-lock)
uwsgi socket 0 bound to UNIX address sample-app.sock fd 3
uWSGI running as root, you can use --uid/--gid/--chroot options
*** WARNING: you are running uWSGI as root !!! (use the --uid flag) *** 
uWSGI running as root, you can use --uid/--gid/--chroot options
*** WARNING: you are running uWSGI as root !!! (use the --uid flag) *** 
your server socket listen backlog is limited to 100 connections
your mercy for graceful operations on workers is 60 seconds
mapped 437520 bytes (427 KB) for 5 cores
*** Operational MODE: preforking ***
*** no app loaded. going in full dynamic mode ***
uWSGI running as root, you can use --uid/--gid/--chroot options
*** WARNING: you are running uWSGI as root !!! (use the --uid flag) *** 
*** uWSGI is running in multiple interpreter mode ***
!!!!!!!!!!!!!! WARNING !!!!!!!!!!!!!!
no request plugin is loaded, you will not be able to manage requests.
you may need to install the package for your language of choice, or simply load it with --plugin.
!!!!!!!!!!! END OF WARNING !!!!!!!!!!
spawned uWSGI master process (pid: 16311)
spawned uWSGI worker 1 (pid: 16312, cores: 1)
spawned uWSGI worker 2 (pid: 16313, cores: 1)
spawned uWSGI worker 3 (pid: 16314, cores: 1)
spawned uWSGI worker 4 (pid: 16315, cores: 1)
spawned uWSGI worker 5 (pid: 16316, cores: 1)
*** Starting uWSGI 2.0.18-debian (64bit) on [Tue Mar 22 19:02:19 2022] ***
compiled with version: 10.0.1 20200405 (experimental) [master revision 0be9efad938:fcb98e4978a:705510a708d3642c9c962beb663c476167e4e8a4] on 11 April 2020 11:15:55
os: Linux-5.13.0-1018-oracle #22~20.04.1-Ubuntu SMP Wed Feb 16 09:28:40 UTC 2022
nodename: resume-server
machine: x86_64
clock source: unix
pcre jit disabled
detected number of CPU cores: 2
current working directory: /root/resume/myresume
detected binary path: /usr/bin/uwsgi-core
*** WARNING: you are running uWSGI as root !!! (use the --uid flag) *** 
chdir() to /root/resume
your processes number limit is 3606
your memory page size is 4096 bytes
detected max file descriptor number: 1024
lock engine: pthread robust mutexes
thunder lock: disabled (you can enable it with --thunder-lock)
uwsgi socket 0 bound to UNIX address sample-app.sock fd 3
*** WARNING: you are running uWSGI as root !!! (use the --uid flag) *** 
*** WARNING: you are running uWSGI as root !!! (use the --uid flag) *** 
your server socket listen backlog is limited to 100 connections
your mercy for graceful operations on workers is 60 seconds
mapped 437520 bytes (427 KB) for 5 cores
*** Operational MODE: preforking ***
*** no app loaded. going in full dynamic mode ***
*** WARNING: you are running uWSGI as root !!! (use the --uid flag) *** 
*** uWSGI is running in multiple interpreter mode ***
!!!!!!!!!!!!!! WARNING !!!!!!!!!!!!!!
no request plugin is loaded, you will not be able to manage requests.
you may need to install the package for your language of choice, or simply load it with --plugin.
!!!!!!!!!!! END OF WARNING !!!!!!!!!!
spawned uWSGI master process (pid: 16340)
spawned uWSGI worker 1 (pid: 16341, cores: 1)
spawned uWSGI worker 2 (pid: 16342, cores: 1)
spawned uWSGI worker 3 (pid: 16343, cores: 1)
spawned uWSGI worker 4 (pid: 16344, cores: 1)
spawned uWSGI worker 5 (pid: 16345, cores: 1)
